<?xml version="1.0" encoding="UTF-8"?>
<testng-results ignored="0" total="1" passed="1" failed="0" skipped="0">
  <reporter-output>
  </reporter-output>
  <suite started-at="2023-05-16T09:27:15 BDT" name="Default suite" finished-at="2023-05-16T09:27:41 BDT" duration-ms="25926">
    <groups>
    </groups>
    <test started-at="2023-05-16T09:27:15 BDT" name="Default test" finished-at="2023-05-16T09:27:41 BDT" duration-ms="25926">
      <class name="com.fbRegistrationTest.FB_RegistrationTest">
        <test-method is-config="true" signature="init()[pri:0, instance:com.fbRegistrationTest.FB_RegistrationTest@65fb9ffc]" started-at="2023-05-16T09:27:15 BDT" name="init" finished-at="2023-05-16T09:27:23 BDT" duration-ms="7370" status="PASS">
          <reporter-output>
          </reporter-output>
        </test-method> <!-- init -->
        <test-method signature="registation()[pri:0, instance:com.fbRegistrationTest.FB_RegistrationTest@65fb9ffc]" started-at="2023-05-16T09:27:23 BDT" name="registation" finished-at="2023-05-16T09:27:41 BDT" duration-ms="18486" status="PASS">
          <reporter-output>
          </reporter-output>
        </test-method> <!-- registation -->
      </class> <!-- com.fbRegistrationTest.FB_RegistrationTest -->
    </test> <!-- Default test -->
  </suite> <!-- Default suite -->
</testng-results>
